Build started 2015/11/11 9:30:03.
     1>Project "D:\Project\C_Project\OhaAlgorithm\OhaAlgorithmVSproject\OhaAlgorithmVSproject\OhaAlgorithmVSproject.vcxproj" on node 2 (Build target(s)).
     1>ClCompile:
         D:\Software\VisualStudio2015\VC\bin\CL.exe /c /ZI /nologo /W3 /WX- /Od /Oy- /D WIN32 /D _DEBUG /D _CONSOLE /D _UNICODE /D UNICODE /Gm /EHsc /RTC1 /MDd /GS /fp:precise /Zc:wchar_t /Zc:forScope /Zc:inline /Fo"Debug\\" /Fd"Debug\vc140.pdb" /Gd /TC /analyze- /errorReport:prompt "..\..\P93-Chap4-BFS.c"
         P93-Chap4-BFS.c
     1>d:\project\c_project\ohaalgorithm\p93-chap4-bfs.c : warning C4819: The file contains a character that cannot be represented in the current code page (936). Save the file in Unicode format to prevent data loss
     1>d:\project\c_project\ohaalgorithm\p93-chap4-bfs.c(23): warning C4996: 'scanf': This function or variable may be unsafe. Consider using scanf_s instead. To disable deprecation, use _CRT_SECURE_NO_WARNINGS. See online help for details.
         c:\program files (x86)\windows kits\10\include\10.0.10150.0\ucrt\stdio.h(1270): note: see declaration of 'scanf'
     1>d:\project\c_project\ohaalgorithm\p93-chap4-bfs.c(28): warning C4996: 'scanf': This function or variable may be unsafe. Consider using scanf_s instead. To disable deprecation, use _CRT_SECURE_NO_WARNINGS. See online help for details.
         c:\program files (x86)\windows kits\10\include\10.0.10150.0\ucrt\stdio.h(1270): note: see declaration of 'scanf'
     1>d:\project\c_project\ohaalgorithm\p93-chap4-bfs.c(31): warning C4996: 'scanf': This function or variable may be unsafe. Consider using scanf_s instead. To disable deprecation, use _CRT_SECURE_NO_WARNINGS. See online help for details.
         c:\program files (x86)\windows kits\10\include\10.0.10150.0\ucrt\stdio.h(1270): note: see declaration of 'scanf'
         D:\Software\VisualStudio2015\VC\bin\CL.exe /c /ZI /nologo /W3 /WX- /Od /Oy- /D WIN32 /D _DEBUG /D _CONSOLE /D _UNICODE /D UNICODE /Gm /EHsc /RTC1 /MDd /GS /fp:precise /Zc:wchar_t /Zc:forScope /Zc:inline /Fo"Debug\\" /Fd"Debug\vc140.pdb" /Gd /TP /analyze- /errorReport:prompt stdafx.cpp
         stdafx.cpp
       Link:
         D:\Software\VisualStudio2015\VC\bin\link.exe /ERRORREPORT:PROMPT /OUT:"D:\Project\C_Project\OhaAlgorithm\OhaAlgorithmVSproject\Debug\OhaAlgorithmVSproject.exe" /INCREMENTAL /NOLOGO kernel32.lib user32.lib gdi32.lib winspool.lib comdlg32.lib advapi32.lib shell32.lib ole32.lib oleaut32.lib uuid.lib odbc32.lib odbccp32.lib /MANIFEST /MANIFESTUAC:"level='asInvoker' uiAccess='false'" /manifest:embed /Debug /PDB:"D:\Project\C_Project\OhaAlgorithm\OhaAlgorithmVSproject\Debug\OhaAlgorithmVSproject.pdb" /SUBSYSTEM:CONSOLE /TLBID:1 /DYNAMICBASE /NXCOMPAT /IMPLIB:"D:\Project\C_Project\OhaAlgorithm\OhaAlgorithmVSproject\Debug\OhaAlgorithmVSproject.lib" /MACHINE:X86 "Debug\P93-Chap4-BFS.obj"
         Debug\stdafx.obj
         OhaAlgorithmVSproject.vcxproj -> D:\Project\C_Project\OhaAlgorithm\OhaAlgorithmVSproject\Debug\OhaAlgorithmVSproject.exe
     1>Done Building Project "D:\Project\C_Project\OhaAlgorithm\OhaAlgorithmVSproject\OhaAlgorithmVSproject\OhaAlgorithmVSproject.vcxproj" (Build target(s)).

Build succeeded.

Time Elapsed 00:00:05.23
